<?xml version="1.0" encoding="UTF-8"?>
<!-- Generated by org.testng.reporters.JUnitXMLReporter -->
<testsuite hostname="Asifs-MBP" failures="0" tests="4" name="Default test" time="17.728" errors="0" timestamp="20 May 2018 07:03:46 GMT">
  <testcase classname="amazonTest.amazonTestCases" name="validateErrorForIncorrectUserName" time="3.121"/>
  <testcase classname="amazonTest.amazonTestCases" name="validateErrorForIncorrectPassword" time="2.675"/>
  <testcase classname="amazonTest.amazonTestCases" name="validateReenterCorrectPassword" time="2.675"/>
  <testcase classname="amazonTest.amazonTestCases" name="validateSuccessfulLogin" time="3.789"/>
</testsuite> <!-- Default test -->
