<?xml version="1.0" encoding="UTF-8"?>
<!-- Generated by org.testng.reporters.JUnitXMLReporter -->
<testsuite hostname="Asifs-MBP" failures="0" tests="10" name="Default test" time="43.989" errors="0" timestamp="20 May 2018 12:01:14 GMT">
  <testcase classname="amazonTest.amazonTestCases" name="validatePageHeader" time="0.01"/>
  <testcase classname="amazonTest.amazonTestCases" name="validateErrorForIncorrectUserName" time="3.692"/>
  <testcase classname="amazonTest.amazonTestCases" name="validateErrorForIncorrectPassword" time="2.038"/>
  <testcase classname="amazonTest.amazonTestCases" name="validateReenterCorrectPassword" time="2.557"/>
  <testcase classname="amazonTest.amazonTestCases" name="validateSuccessfulLoginandPageHeader" time="4.754"/>
  <testcase classname="amazonTest.amazonTestCases" name="validateSearchAndAddFirstProduct" time="10.163"/>
  <testcase classname="amazonTest.amazonTestCases" name="validateItemNameAndPriceAndAddtoCart" time="3.176"/>
  <testcase classname="amazonTest.amazonTestCases" name="validateProductAddedtoCart" time="0.026"/>
  <testcase classname="amazonTest.amazonTestCases" name="validateProductPriceAndNameInCart" time="2.598"/>
  <testcase classname="amazonTest.amazonTestCases" name="validateProductPresentAfterLogoutAndRelogin" time="8.975"/>
</testsuite> <!-- Default test -->
