<?xml version="1.0" encoding="UTF-8"?>
<!-- Generated by org.testng.reporters.JUnitXMLReporter -->
<testsuite hostname="Asifs-MBP" failures="0" tests="4" name="amazonTestCases" time="21.647" errors="0" timestamp="20 May 2018 07:17:04 GMT">
  <testcase classname="amazonTest.amazonTestCases" name="validateErrorForIncorrectUserName" time="3.468"/>
  <testcase classname="amazonTest.amazonTestCases" name="validateErrorForIncorrectPassword" time="2.608"/>
  <testcase classname="amazonTest.amazonTestCases" name="validateReenterCorrectPassword" time="3.346"/>
  <testcase classname="amazonTest.amazonTestCases" name="validateSuccessfulLogin" time="4.521"/>
</testsuite> <!-- amazonTestCases -->
