<?xml version="1.0" encoding="UTF-8"?>
<testng-results total="10" passed="10" failed="0" skipped="0">
  <reporter-output>
  </reporter-output>
  <suite started-at="2018-05-20T13:25:22Z" name="Default suite" finished-at="2018-05-20T13:26:41Z" duration-ms="78597">
    <groups>
    </groups>
    <test started-at="2018-05-20T13:25:22Z" name="Default test" finished-at="2018-05-20T13:26:41Z" duration-ms="78597">
      <class name="amazonTest.amazonTestCases">
        <test-method is-config="true" signature="beforeSuite()[pri:0, instance:amazonTest.amazonTestCases@618c5d94]" started-at="2018-05-20T21:25:22Z" name="beforeSuite" finished-at="2018-05-20T21:25:22Z" duration-ms="341" status="PASS">
          <reporter-output>
          </reporter-output>
        </test-method> <!-- beforeSuite -->
        <test-method is-config="true" signature="beforeTest()[pri:0, instance:amazonTest.amazonTestCases@618c5d94]" started-at="2018-05-20T21:25:22Z" name="beforeTest" finished-at="2018-05-20T21:25:28Z" duration-ms="5405" status="PASS">
          <reporter-output>
          </reporter-output>
        </test-method> <!-- beforeTest -->
        <test-method is-config="true" signature="beforeMethod()[pri:0, instance:amazonTest.amazonTestCases@618c5d94]" started-at="2018-05-20T21:25:28Z" name="beforeMethod" finished-at="2018-05-20T21:25:28Z" duration-ms="0" status="PASS">
          <reporter-output>
          </reporter-output>
        </test-method> <!-- beforeMethod -->
        <test-method signature="validatePageHeader()[pri:0, instance:amazonTest.amazonTestCases@618c5d94]" started-at="2018-05-20T21:25:28Z" name="validatePageHeader" description="Launch “www.amazon.com” page and validate page header!!" finished-at="2018-05-20T21:25:28Z" duration-ms="9" status="PASS">
          <reporter-output>
          </reporter-output>
        </test-method> <!-- validatePageHeader -->
        <test-method signature="validateErrorForIncorrectUserName()[pri:0, instance:amazonTest.amazonTestCases@618c5d94]" started-at="2018-05-20T21:25:28Z" name="validateErrorForIncorrectUserName" description="Click on login link and Provide incorrect username and validate error.!!" finished-at="2018-05-20T21:25:32Z" duration-ms="4749" status="PASS">
          <reporter-output>
          </reporter-output>
        </test-method> <!-- validateErrorForIncorrectUserName -->
        <test-method is-config="true" signature="beforeMethod()[pri:0, instance:amazonTest.amazonTestCases@618c5d94]" started-at="2018-05-20T21:25:28Z" name="beforeMethod" finished-at="2018-05-20T21:25:28Z" duration-ms="0" status="PASS">
          <reporter-output>
          </reporter-output>
        </test-method> <!-- beforeMethod -->
        <test-method signature="validateErrorForIncorrectPassword()[pri:0, instance:amazonTest.amazonTestCases@618c5d94]" started-at="2018-05-20T21:25:32Z" name="validateErrorForIncorrectPassword" description="Provide incorrect password and validate error." finished-at="2018-05-20T21:25:35Z" duration-ms="2113" status="PASS">
          <reporter-output>
          </reporter-output>
        </test-method> <!-- validateErrorForIncorrectPassword -->
        <test-method is-config="true" signature="beforeMethod()[pri:0, instance:amazonTest.amazonTestCases@618c5d94]" started-at="2018-05-20T21:25:32Z" name="beforeMethod" finished-at="2018-05-20T21:25:32Z" duration-ms="0" status="PASS">
          <reporter-output>
          </reporter-output>
        </test-method> <!-- beforeMethod -->
        <test-method signature="validateReenterCorrectPassword()[pri:0, instance:amazonTest.amazonTestCases@618c5d94]" started-at="2018-05-20T21:25:35Z" name="validateReenterCorrectPassword" description="reenter the correct password !!" finished-at="2018-05-20T21:25:38Z" duration-ms="3070" status="PASS">
          <reporter-output>
          </reporter-output>
        </test-method> <!-- validateReenterCorrectPassword -->
        <test-method is-config="true" signature="beforeMethod()[pri:0, instance:amazonTest.amazonTestCases@618c5d94]" started-at="2018-05-20T21:25:35Z" name="beforeMethod" finished-at="2018-05-20T21:25:35Z" duration-ms="0" status="PASS">
          <reporter-output>
          </reporter-output>
        </test-method> <!-- beforeMethod -->
        <test-method signature="validateSuccessfulLoginandPageHeader()[pri:0, instance:amazonTest.amazonTestCases@618c5d94]" started-at="2018-05-20T21:25:38Z" name="validateSuccessfulLoginandPageHeader" description="Provide correct username/password and validate home page header.!!" finished-at="2018-05-20T21:25:42Z" duration-ms="4426" status="PASS">
          <reporter-output>
          </reporter-output>
        </test-method> <!-- validateSuccessfulLoginandPageHeader -->
        <test-method is-config="true" signature="beforeMethod()[pri:0, instance:amazonTest.amazonTestCases@618c5d94]" started-at="2018-05-20T21:25:38Z" name="beforeMethod" finished-at="2018-05-20T21:25:38Z" duration-ms="0" status="PASS">
          <reporter-output>
          </reporter-output>
        </test-method> <!-- beforeMethod -->
        <test-method is-config="true" signature="beforeMethod()[pri:0, instance:amazonTest.amazonTestCases@618c5d94]" started-at="2018-05-20T21:25:42Z" name="beforeMethod" finished-at="2018-05-20T21:25:42Z" duration-ms="1" status="PASS">
          <reporter-output>
          </reporter-output>
        </test-method> <!-- beforeMethod -->
        <test-method signature="validateSearchAndAddFirstProduct()[pri:0, instance:amazonTest.amazonTestCases@618c5d94]" started-at="2018-05-20T21:25:42Z" name="validateSearchAndAddFirstProduct" description="Search for iphone x 64 gb and click on 1st product and move to product page.!!" finished-at="2018-05-20T21:25:56Z" duration-ms="14207" status="PASS">
          <reporter-output>
          </reporter-output>
        </test-method> <!-- validateSearchAndAddFirstProduct -->
        <test-method is-config="true" signature="beforeMethod()[pri:0, instance:amazonTest.amazonTestCases@618c5d94]" started-at="2018-05-20T21:25:56Z" name="beforeMethod" finished-at="2018-05-20T21:25:56Z" duration-ms="0" status="PASS">
          <reporter-output>
          </reporter-output>
        </test-method> <!-- beforeMethod -->
        <test-method signature="validateItemNameAndPriceAndAddtoCart()[pri:0, instance:amazonTest.amazonTestCases@618c5d94]" started-at="2018-05-20T21:25:56Z" name="validateItemNameAndPriceAndAddtoCart" description="Capture product name and price and add 1 quantity to basket.!!" finished-at="2018-05-20T21:26:28Z" duration-ms="32093" status="PASS">
          <reporter-output>
          </reporter-output>
        </test-method> <!-- validateItemNameAndPriceAndAddtoCart -->
        <test-method signature="validateProductAddedtoCart()[pri:0, instance:amazonTest.amazonTestCases@618c5d94]" started-at="2018-05-20T21:26:28Z" name="validateProductAddedtoCart" description="Validate product is added into basket on product page !!" finished-at="2018-05-20T21:26:28Z" duration-ms="47" status="PASS">
          <reporter-output>
          </reporter-output>
        </test-method> <!-- validateProductAddedtoCart -->
        <test-method is-config="true" signature="beforeMethod()[pri:0, instance:amazonTest.amazonTestCases@618c5d94]" started-at="2018-05-20T21:26:28Z" name="beforeMethod" finished-at="2018-05-20T21:26:28Z" duration-ms="0" status="PASS">
          <reporter-output>
          </reporter-output>
        </test-method> <!-- beforeMethod -->
        <test-method signature="validateProductPriceAndNameInCart()[pri:0, instance:amazonTest.amazonTestCases@618c5d94]" started-at="2018-05-20T21:26:28Z" name="validateProductPriceAndNameInCart" description="Vaidate product price and name on basket page. !!" finished-at="2018-05-20T21:26:34Z" duration-ms="5917" status="PASS">
          <reporter-output>
          </reporter-output>
        </test-method> <!-- validateProductPriceAndNameInCart -->
        <test-method is-config="true" signature="beforeMethod()[pri:0, instance:amazonTest.amazonTestCases@618c5d94]" started-at="2018-05-20T21:26:28Z" name="beforeMethod" finished-at="2018-05-20T21:26:28Z" duration-ms="0" status="PASS">
          <reporter-output>
          </reporter-output>
        </test-method> <!-- beforeMethod -->
        <test-method signature="validateProductPresentAfterLogoutAndRelogin()[pri:0, instance:amazonTest.amazonTestCases@618c5d94]" started-at="2018-05-20T21:26:34Z" name="validateProductPresentAfterLogoutAndRelogin" description="Logout and login again validate product in basket is present or not. !!" finished-at="2018-05-20T21:26:41Z" duration-ms="6539" status="PASS">
          <reporter-output>
          </reporter-output>
        </test-method> <!-- validateProductPresentAfterLogoutAndRelogin -->
        <test-method is-config="true" signature="beforeMethod()[pri:0, instance:amazonTest.amazonTestCases@618c5d94]" started-at="2018-05-20T21:26:34Z" name="beforeMethod" finished-at="2018-05-20T21:26:34Z" duration-ms="0" status="PASS">
          <reporter-output>
          </reporter-output>
        </test-method> <!-- beforeMethod -->
      </class> <!-- amazonTest.amazonTestCases -->
    </test> <!-- Default test -->
  </suite> <!-- Default suite -->
</testng-results>
